<?xml version="1.0"?>
<description>
  Pienso que voy a continuar estudiar español en la escuela secondaria tambien.
  Me pregunto qué bien mi español va a ser después de tres más años de aprender
  este idioma. Tal vez/quízas (difference?) puedo hablar español con fluidez
  dentro de/en tres años? No sé jajajajaaja worldy.
</description>
